
异常时间：2019-08-10 19:22:23,000 [9] 
异常级别：ERROR 
异常位置：[9] (F:\Work\GitHubProject\NL.Framework\NL.Framework.Common\Log\Logger.cs:59) 
消息描述：ExecuteSqlCommand失败：SELECT 1 FROM T_Sys_User
异常：System.Data.SqlClient.SqlException (0x80131904): 对象名 'T_Sys_User' 无效。
   在 System.Data.SqlClient.SqlConnection.OnError(SqlException exception, Boolean breakConnection, Action`1 wrapCloseInAction)
   在 System.Data.SqlClient.SqlInternalConnection.OnError(SqlException exception, Boolean breakConnection, Action`1 wrapCloseInAction)
   在 System.Data.SqlClient.TdsParser.ThrowExceptionAndWarning(TdsParserStateObject stateObj, Boolean callerHasConnectionLock, Boolean asyncClose)
   在 System.Data.SqlClient.TdsParser.TryRun(RunBehavior runBehavior, SqlCommand cmdHandler, SqlDataReader dataStream, BulkCopySimpleResultSet bulkCopyHandler, TdsParserStateObject stateObj, Boolean& dataReady)
   在 System.Data.SqlClient.SqlCommand.RunExecuteNonQueryTds(String methodName, Boolean async, Int32 timeout, Boolean asyncWrite)
   在 System.Data.SqlClient.SqlCommand.InternalExecuteNonQuery(TaskCompletionSource`1 completion, String methodName, Boolean sendToPipe, Int32 timeout, Boolean& usedCache, Boolean asyncWrite, Boolean inRetry)
   在 System.Data.SqlClient.SqlCommand.ExecuteNonQuery()
   在 System.Data.Entity.Infrastructure.Interception.DbCommandDispatcher.<NonQuery>b__0(DbCommand t, DbCommandInterceptionContext`1 c)
   在 System.Data.Entity.Infrastructure.Interception.InternalDispatcher`1.Dispatch[TTarget,TInterceptionContext,TResult](TTarget target, Func`3 operation, TInterceptionContext interceptionContext, Action`3 executing, Action`3 executed)
   在 System.Data.Entity.Infrastructure.Interception.DbCommandDispatcher.NonQuery(DbCommand command, DbCommandInterceptionContext interceptionContext)
   在 System.Data.Entity.Internal.InterceptableDbCommand.ExecuteNonQuery()
   在 System.Data.Entity.Core.Objects.ObjectContext.ExecuteStoreCommandInternal(String commandText, Object[] parameters)
   在 System.Data.Entity.Core.Objects.ObjectContext.<>c__DisplayClass59.<ExecuteStoreCommand>b__58()
   在 System.Data.Entity.Core.Objects.ObjectContext.ExecuteInTransaction[T](Func`1 func, IDbExecutionStrategy executionStrategy, Boolean startLocalTransaction, Boolean releaseConnectionOnSuccess)
   在 System.Data.Entity.Core.Objects.ObjectContext.<>c__DisplayClass59.<ExecuteStoreCommand>b__57()
   在 System.Data.Entity.SqlServer.DefaultSqlExecutionStrategy.Execute[TResult](Func`1 operation)
   在 System.Data.Entity.Core.Objects.ObjectContext.ExecuteStoreCommand(TransactionalBehavior transactionalBehavior, String commandText, Object[] parameters)
   在 System.Data.Entity.Internal.InternalContext.ExecuteSqlCommand(TransactionalBehavior transactionalBehavior, String sql, Object[] parameters)
   在 System.Data.Entity.Database.ExecuteSqlCommand(TransactionalBehavior transactionalBehavior, String sql, Object[] parameters)
   在 System.Data.Entity.Database.ExecuteSqlCommand(String sql, Object[] parameters)
   在 NL.Framework.DAL.NLFrameContext.ExecuteSqlCommand(String sql, Object[] paras) 位置 F:\Work\GitHubProject\NL.Framework\NL.Framework.DAL\NLFrameContext.cs:行号 546
ClientConnectionId:80578b20-7d76-4f72-b225-8910de10ac89
Error Number:208,State:1,Class:16



异常时间：2019-08-10 19:22:23,023 [9] 
异常级别：ERROR 
异常位置：[9] (F:\Work\GitHubProject\NL.Framework\NL.Framework.Common\Log\Logger.cs:59) 
消息描述：错误信息：
异常：System.FormatException: 输入字符串的格式不正确。
   在 System.Number.StringToNumber(String str, NumberStyles options, NumberBuffer& number, NumberFormatInfo info, Boolean parseDecimal)
   在 System.Number.ParseInt32(String s, NumberStyles style, NumberFormatInfo info)
   在 System.Int32.Parse(String s)
   在 NL.Framework.Web.Controllers.LoginController.Index() 位置 F:\Work\GitHubProject\NL.Framework\NL.Framework.Web\Controllers\LoginController.cs:行号 44


